<?xml version="1.0" encoding="UTF-8"?>
<testsuites name="jest tests" tests="4" failures="0" time="2.983">
  <testsuite name="Zadanie nr. 2" errors="0" failures="0" skipped="0" timestamp="2020-03-31T14:22:15" time="2.497" tests="4">
    <testcase classname="Zadanie nr. 2" name="Importuje plik CSS Bootstrapa" time="0.007">
    </testcase>
    <testcase classname="Zadanie nr. 2" name="Umieszczono container Bootstrapowy" time="0.003">
    </testcase>
    <testcase classname="Zadanie nr. 2" name="Umieszczono alert" time="0.002">
    </testcase>
    <testcase classname="Zadanie nr. 2" name="Alert jest typu &apos;sukces&apos;" time="0.002">
    </testcase>
  </testsuite>
</testsuites>