<?xml version="1.0" encoding="UTF-8"?>
<testsuites name="jest tests" tests="4" failures="0" time="19.863">
  <testsuite name="Zadanie nr. 2" errors="0" failures="0" skipped="0" timestamp="2021-04-01T04:03:13" time="19.244" tests="4">
    <testcase classname="Zadanie nr. 2" name="Importuje plik CSS Bootstrapa" time="0.024">
    </testcase>
    <testcase classname="Zadanie nr. 2" name="Umieszczono container Bootstrapowy" time="0.006">
    </testcase>
    <testcase classname="Zadanie nr. 2" name="Umieszczono alert" time="0.01">
    </testcase>
    <testcase classname="Zadanie nr. 2" name="Alert jest typu &apos;sukces&apos;" time="0.009">
    </testcase>
  </testsuite>
</testsuites>